<?xml version="1.0" encoding="UTF-8"?>
<!-- Generated by org.testng.reporters.JUnitReportReporter -->
<testsuite hostname="DESKTOP-8GDJCM1" failures="0" tests="1" name="com.test.SameDayTest" time="5.521" errors="0" timestamp="2022-09-08T18:35:55 EDT" skipped="0">
  <testcase classname="com.test.SameDayTest" name="Dealstest" time="5.521"/>
  <system-out/>
</testsuite> <!-- com.test.SameDayTest -->
