<?xml version="1.0" encoding="UTF-8"?>
<!-- Generated by org.testng.reporters.JUnitReportReporter -->
<testsuite hostname="DESKTOP-8GDJCM1" failures="0" tests="1" name="com.test.AddToCartTest" time="7.999" errors="0" timestamp="2022-09-09T10:59:41 EDT" skipped="0">
  <testcase classname="com.test.AddToCartTest" name="AddToCartTests" time="7.999"/>
  <system-out/>
</testsuite> <!-- com.test.AddToCartTest -->
