<?xml version="1.0" encoding="UTF-8"?>
<!-- Generated by org.testng.reporters.JUnitReportReporter -->
<testsuite hostname="DESKTOP-DFUO8BJ" failures="0" tests="1" name="com.test.CategoryTest" time="6.263" errors="0" timestamp="2022-08-29T16:16:10 EDT" skipped="0">
  <testcase classname="com.test.CategoryTest" name="categorytest" time="6.263"/>
  <system-out/>
</testsuite> <!-- com.test.CategoryTest -->
