<?xml version="1.0" encoding="UTF-8"?>
<!-- Generated by org.testng.reporters.JUnitReportReporter -->
<testsuite hostname="DESKTOP-8GDJCM1" failures="0" tests="1" name="com.test.SortDealsTest" time="9.141" errors="0" timestamp="2022-09-23T20:47:14 EDT" skipped="0">
  <testcase classname="com.test.SortDealsTest" name="Dealstest" time="9.141"/>
  <system-out/>
</testsuite> <!-- com.test.SortDealsTest -->
