<?xml version="1.0" encoding="UTF-8"?>
<!-- Generated by org.testng.reporters.JUnitReportReporter -->
<testsuite hostname="DESKTOP-8GDJCM1" failures="0" tests="1" name="com.test.AddToCartTest" time="9.165" errors="0" timestamp="2022-09-13T16:47:47 EDT" skipped="0">
  <testcase classname="com.test.AddToCartTest" name="AddToCartTests" time="9.165"/>
  <system-out/>
</testsuite> <!-- com.test.AddToCartTest -->
