<?xml version="1.0" encoding="UTF-8"?>
<!-- Generated by org.testng.reporters.JUnitReportReporter -->
<testsuite hostname="DESKTOP-8GDJCM1" failures="0" tests="1" name="com.test.DealsTest" time="5.005" errors="0" timestamp="2022-09-15T14:16:36 EDT" skipped="0">
  <testcase classname="com.test.DealsTest" name="Dealstest" time="5.005"/>
  <system-out/>
</testsuite> <!-- com.test.DealsTest -->
